 ------ --------------------------------------------------------------------- 
  Line   app/Livewire/Adjustment/Create.php                                   
 ------ --------------------------------------------------------------------- 
  20     Syntax error, unexpected T_USE, expecting T_TRAIT or T_INTERFACE or  
         T_ENUM on line 20                                                    
         🪪  phpstan.parse (non-ignorable)                                    
 ------ --------------------------------------------------------------------- 

 ------ --------------------------------------------------------------------- 
  Line   app/Livewire/Adjustment/Edit.php                                     
 ------ --------------------------------------------------------------------- 
  17     Syntax error, unexpected T_USE, expecting T_TRAIT or T_INTERFACE or  
         T_ENUM on line 17                                                    
         🪪  phpstan.parse (non-ignorable)                                    
 ------ --------------------------------------------------------------------- 

 ------ --------------------------------------------------------------------- 
  Line   app/Livewire/Currency/Index.php                                      
 ------ --------------------------------------------------------------------- 
  15     Syntax error, unexpected T_USE, expecting T_TRAIT or T_INTERFACE or  
         T_ENUM on line 15                                                    
         🪪  phpstan.parse (non-ignorable)                                    
 ------ --------------------------------------------------------------------- 

 ------ --------------------------------------------------------------------- 
  Line   app/Livewire/Expense/Index.php                                       
 ------ --------------------------------------------------------------------- 
  21     Syntax error, unexpected T_USE, expecting T_TRAIT or T_INTERFACE or  
         T_ENUM on line 21                                                    
         🪪  phpstan.parse (non-ignorable)                                    
 ------ --------------------------------------------------------------------- 

 ------ --------------------------------------------------------------------- 
  Line   app/Livewire/ExpenseCategories/Index.php                             
 ------ --------------------------------------------------------------------- 
  16     Syntax error, unexpected T_USE, expecting T_TRAIT or T_INTERFACE or  
         T_ENUM on line 16                                                    
         🪪  phpstan.parse (non-ignorable)                                    
 ------ --------------------------------------------------------------------- 

 ------ --------------------------------------------------------------------- 
  Line   app/Livewire/Language/EditTranslation.php                            
 ------ --------------------------------------------------------------------- 
  13     Syntax error, unexpected T_USE, expecting T_TRAIT or T_INTERFACE or  
         T_ENUM on line 13                                                    
         🪪  phpstan.parse (non-ignorable)                                    
 ------ --------------------------------------------------------------------- 

 ------ --------------------------------------------------------------------- 
  Line   app/Livewire/Permission/Index.php                                    
 ------ --------------------------------------------------------------------- 
  18     Syntax error, unexpected T_USE, expecting T_TRAIT or T_INTERFACE or  
         T_ENUM on line 18                                                    
         🪪  phpstan.parse (non-ignorable)                                    
 ------ --------------------------------------------------------------------- 

 ------ --------------------------------------------------------------------- 
  Line   app/Livewire/Products/Create.php                                     
 ------ --------------------------------------------------------------------- 
  24     Syntax error, unexpected T_USE, expecting T_TRAIT or T_INTERFACE or  
         T_ENUM on line 24                                                    
         🪪  phpstan.parse (non-ignorable)                                    
 ------ --------------------------------------------------------------------- 

 ------ --------------------------------------------------------------------- 
  Line   app/Livewire/Purchase/Create.php                                     
 ------ --------------------------------------------------------------------- 
  19     Syntax error, unexpected T_USE, expecting T_TRAIT or T_INTERFACE or  
         T_ENUM on line 19                                                    
         🪪  phpstan.parse (non-ignorable)                                    
 ------ --------------------------------------------------------------------- 

 ------ --------------------------------------------------------------------- 
  Line   app/Livewire/Purchase/Edit.php                                       
 ------ --------------------------------------------------------------------- 
  25     Syntax error, unexpected T_USE, expecting T_TRAIT or T_INTERFACE or  
         T_ENUM on line 25                                                    
         🪪  phpstan.parse (non-ignorable)                                    
 ------ --------------------------------------------------------------------- 

 [ERROR] Found 10 errors                                                        

